# JRE version: Java(TM) SE Runtime Environment (8.0_66-b17) (build 1.8.0_66-b17)
# Java VM: Java HotSpot(TM) 64-Bit Server VM (25.66-b17 mixed mode linux-amd64 compressed oops)
Heap:
 PSYoungGen      total 99328K, used 77389K [0x00000000d7300000, 0x00000000de380000, 0x0000000100000000)
  eden space 89600K, 83% used [0x00000000d7300000,0x00000000dbbeb548,0x00000000dca80000)
  from space 9728K, 27% used [0x00000000dda00000,0x00000000ddca8000,0x00000000de380000)
  to   space 12800K, 0% used [0x00000000dca80000,0x00000000dca80000,0x00000000dd700000)
 ParOldGen       total 61440K, used 37057K [0x0000000085800000, 0x0000000089400000, 0x00000000d7300000)
  object space 61440K, 60% used [0x0000000085800000,0x0000000087c30640,0x0000000089400000)
 Metaspace       used 25708K, capacity 25990K, committed 26368K, reserved 1073152K
  class space    used 2884K, capacity 2956K, committed 3072K, reserved 1048576K
GC Heap History (10 events):
Event: 122,913 GC heap before
{Heap before GC invocations=16 (full 2):
 PSYoungGen      total 57856K, used 42496K [0x00000000d7300000, 0x00000000dcd80000, 0x0000000100000000)
  eden space 42496K, 100% used [0x00000000d7300000,0x00000000d9c80000,0x00000000d9c80000)
  from space 15360K, 0% used [0x00000000d9c80000,0x00000000d9c80000,0x00000000dab80000)
  to   space 14336K, 0% used [0x00000000dbf80000,0x00000000dbf80000,0x00000000dcd80000)
 ParOldGen       total 61440K, used 18349K [0x0000000085800000, 0x0000000089400000, 0x00000000d7300000)
  object space 61440K, 29% used [0x0000000085800000,0x00000000869eb658,0x0000000089400000)
 Metaspace       used 22595K, capacity 22830K, committed 23216K, reserved 1069056K
  class space    used 2617K, capacity 2696K, committed 2816K, reserved 1048576K
Event: 122,922 GC heap after
Heap after GC invocations=16 (full 2):
 PSYoungGen      total 78336K, used 4416K [0x00000000d7300000, 0x00000000dce00000, 0x0000000100000000)
  eden space 64000K, 0% used [0x00000000d7300000,0x00000000d7300000,0x00000000db180000)
  from space 14336K, 30% used [0x00000000dbf80000,0x00000000dc3d0000,0x00000000dcd80000)
  to   space 14336K, 0% used [0x00000000db180000,0x00000000db180000,0x00000000dbf80000)
 ParOldGen       total 61440K, used 18349K [0x0000000085800000, 0x0000000089400000, 0x00000000d7300000)
  object space 61440K, 29% used [0x0000000085800000,0x00000000869eb658,0x0000000089400000)
 Metaspace       used 22595K, capacity 22830K, committed 23216K, reserved 1069056K
  class space    used 2617K, capacity 2696K, committed 2816K, reserved 1048576K
}
Event: 124,760 GC heap before
{Heap before GC invocations=17 (full 2):
 PSYoungGen      total 78336K, used 68315K [0x00000000d7300000, 0x00000000dce00000, 0x0000000100000000)
  eden space 64000K, 99% used [0x00000000d7300000,0x00000000db166e20,0x00000000db180000)
  from space 14336K, 30% used [0x00000000dbf80000,0x00000000dc3d0000,0x00000000dcd80000)
  to   space 14336K, 0% used [0x00000000db180000,0x00000000db180000,0x00000000dbf80000)
 ParOldGen       total 61440K, used 18349K [0x0000000085800000, 0x0000000089400000, 0x00000000d7300000)
  object space 61440K, 29% used [0x0000000085800000,0x00000000869eb658,0x0000000089400000)
 Metaspace       used 22606K, capacity 22894K, committed 23216K, reserved 1069056K
  class space    used 2617K, capacity 2696K, committed 2816K, reserved 1048576K
Event: 124,772 GC heap after
Heap after GC invocations=17 (full 2):
 PSYoungGen      total 78336K, used 5533K [0x00000000d7300000, 0x00000000dec00000, 0x0000000100000000)
  eden space 64000K, 0% used [0x00000000d7300000,0x00000000d7300000,0x00000000db180000)
  from space 14336K, 38% used [0x00000000db180000,0x00000000db6e7540,0x00000000dbf80000)
  to   space 13824K, 0% used [0x00000000dde80000,0x00000000dde80000,0x00000000dec00000)
 ParOldGen       total 61440K, used 22757K [0x0000000085800000, 0x0000000089400000, 0x00000000d7300000)
  object space 61440K, 37% used [0x0000000085800000,0x0000000086e39668,0x0000000089400000)
 Metaspace       used 22606K, capacity 22894K, committed 23216K, reserved 1069056K
  class space    used 2617K, capacity 2696K, committed 2816K, reserved 1048576K
}
Event: 127,165 GC heap before
{Heap before GC invocations=18 (full 2):
 PSYoungGen      total 78336K, used 64722K [0x00000000d7300000, 0x00000000dec00000, 0x0000000100000000)
  eden space 64000K, 92% used [0x00000000d7300000,0x00000000daccd500,0x00000000db180000)
  from space 14336K, 38% used [0x00000000db180000,0x00000000db6e7540,0x00000000dbf80000)
  to   space 13824K, 0% used [0x00000000dde80000,0x00000000dde80000,0x00000000dec00000)
 ParOldGen       total 61440K, used 22757K [0x0000000085800000, 0x0000000089400000, 0x00000000d7300000)
  object space 61440K, 37% used [0x0000000085800000,0x0000000086e39668,0x0000000089400000)
 Metaspace       used 24657K, capacity 24980K, committed 25216K, reserved 1071104K
  class space    used 2821K, capacity 2921K, committed 2944K, reserved 1048576K
Event: 127,181 GC heap after
Heap after GC invocations=18 (full 2):
 PSYoungGen      total 108032K, used 6794K [0x00000000d7300000, 0x00000000dea80000, 0x0000000100000000)
  eden space 95744K, 0% used [0x00000000d7300000,0x00000000d7300000,0x00000000dd080000)
  from space 12288K, 55% used [0x00000000dde80000,0x00000000de522ae0,0x00000000dea80000)
  to   space 13312K, 0% used [0x00000000dd080000,0x00000000dd080000,0x00000000ddd80000)
 ParOldGen       total 61440K, used 28313K [0x0000000085800000, 0x0000000089400000, 0x00000000d7300000)
  object space 61440K, 46% used [0x0000000085800000,0x00000000873a67b8,0x0000000089400000)
 Metaspace       used 24657K, capacity 24980K, committed 25216K, reserved 1071104K
  class space    used 2821K, capacity 2921K, committed 2944K, reserved 1048576K
}
Event: 554,444 GC heap before
{Heap before GC invocations=19 (full 2):
 PSYoungGen      total 108032K, used 102538K [0x00000000d7300000, 0x00000000dea80000, 0x0000000100000000)
  eden space 95744K, 100% used [0x00000000d7300000,0x00000000dd080000,0x00000000dd080000)
  from space 12288K, 55% used [0x00000000dde80000,0x00000000de522ae0,0x00000000dea80000)
  to   space 13312K, 0% used [0x00000000dd080000,0x00000000dd080000,0x00000000ddd80000)
 ParOldGen       total 61440K, used 28313K [0x0000000085800000, 0x0000000089400000, 0x00000000d7300000)
  object space 61440K, 46% used [0x0000000085800000,0x00000000873a67b8,0x0000000089400000)
 Metaspace       used 25518K, capacity 25786K, committed 26112K, reserved 1073152K
  class space    used 2882K, capacity 2954K, committed 3072K, reserved 1048576K
Event: 554,475 GC heap after
Heap after GC invocations=19 (full 2):
 PSYoungGen      total 97792K, used 4656K [0x00000000d7300000, 0x00000000de680000, 0x0000000100000000)
  eden space 92672K, 0% used [0x00000000d7300000,0x00000000d7300000,0x00000000dcd80000)
  from space 5120K, 90% used [0x00000000dd080000,0x00000000dd50c120,0x00000000dd580000)
  to   space 12800K, 0% used [0x00000000dda00000,0x00000000dda00000,0x00000000de680000)
 ParOldGen       total 61440K, used 33677K [0x0000000085800000, 0x0000000089400000, 0x00000000d7300000)
  object space 61440K, 54% used [0x0000000085800000,0x00000000878e34f0,0x0000000089400000)
 Metaspace       used 25518K, capacity 25786K, committed 26112K, reserved 1073152K
  class space    used 2882K, capacity 2954K, committed 3072K, reserved 1048576K
}
Event: 1188,312 GC heap before
{Heap before GC invocations=20 (full 2):
 PSYoungGen      total 97792K, used 97328K [0x00000000d7300000, 0x00000000de680000, 0x0000000100000000)
  eden space 92672K, 100% used [0x00000000d7300000,0x00000000dcd80000,0x00000000dcd80000)
  from space 5120K, 90% used [0x00000000dd080000,0x00000000dd50c120,0x00000000dd580000)
  to   space 12800K, 0% used [0x00000000dda00000,0x00000000dda00000,0x00000000de680000)
 ParOldGen       total 61440K, used 33677K [0x0000000085800000, 0x0000000089400000, 0x00000000d7300000)
  object space 61440K, 54% used [0x0000000085800000,0x00000000878e34f0,0x0000000089400000)
 Metaspace       used 25610K, capacity 25862K, committed 26368K, reserved 1073152K
  class space    used 2884K, capacity 2956K, committed 3072K, reserved 1048576K
Event: 1188,328 GC heap after
Heap after GC invocations=20 (full 2):
 PSYoungGen      total 99328K, used 2720K [0x00000000d7300000, 0x00000000de380000, 0x0000000100000000)
  eden space 89600K, 0% used [0x00000000d7300000,0x00000000d7300000,0x00000000dca80000)
  from space 9728K, 27% used [0x00000000dda00000,0x00000000ddca8000,0x00000000de380000)
  to   space 12800K, 0% used [0x00000000dca80000,0x00000000dca80000,0x00000000dd700000)
 ParOldGen       total 61440K, used 37057K [0x0000000085800000, 0x0000000089400000, 0x00000000d7300000)
  object space 61440K, 60% used [0x0000000085800000,0x0000000087c30640,0x0000000089400000)
 Metaspace       used 25610K, capacity 25862K, committed 26368K, reserved 1073152K
  class space    used 2884K, capacity 2956K, committed 3072K, reserved 1048576K
}

